<?xml version="1.0" encoding="UTF-8"?>
<testsuite name="coffee.order.domain.food.FoodCategoryTest" tests="6" skipped="0" failures="0" errors="0" timestamp="2022-09-28T09:11:20" hostname="baghyeonseoui-MacBookPro.local" time="0.096">
  <properties/>
  <testcase name="[1] 1" classname="coffee.order.domain.food.FoodCategoryTest" time="0.076"/>
  <testcase name="[2] 2" classname="coffee.order.domain.food.FoodCategoryTest" time="0.001"/>
  <testcase name="[3] 3" classname="coffee.order.domain.food.FoodCategoryTest" time="0.001"/>
  <testcase name="[1] 커피" classname="coffee.order.domain.food.FoodCategoryTest" time="0.007"/>
  <testcase name="[2] 티" classname="coffee.order.domain.food.FoodCategoryTest" time="0.001"/>
  <testcase name="[3] 디저트" classname="coffee.order.domain.food.FoodCategoryTest" time="0.001"/>
  <system-out><![CDATA[findFoodsByCategoryName(categoryName).findName() = 커피
findFoodsByCategoryName(categoryName).findName() = 티
findFoodsByCategoryName(categoryName).findName() = 디저트
]]></system-out>
  <system-err><![CDATA[]]></system-err>
</testsuite>
